<?xml version="1.0" encoding="UTF-8"?>
<testsuite xmlns:xsi="http://www.w3.org/2001/XMLSchema-instance" xsi:noNamespaceSchemaLocation="https://maven.apache.org/surefire/maven-surefire-plugin/xsd/surefire-test-report.xsd" version="3.0.2" name="com.project.fitness.FitnessMonolithApplicationTests" time="35.16" tests="1" errors="0" skipped="0" failures="0">
  <properties>
[...]
</properties>
  <testcase name="contextLoads" classname="com.project.fitness.FitnessMonolithApplicationTests" time="1.797">
    <system-out><![CDATA[00:12:45.594 [main] INFO org.springframework.test.context.support.AnnotationConfigContextLoaderUtils -- Could not detect default configuration classes for test class [com.project.fitness.FitnessMonolithApplicationTests]: FitnessMonolithApplicationTests does not declare any static, non-private, non-final, nested classes annotated with @Configuration.
00:12:46.691 [main] INFO org.springframework.boot.test.context.SpringBootTestContextBootstrapper -- Found @SpringBootConfiguration com.project.fitness.FitnessMonolithApplication for test class com.project.fitness.FitnessMonolithApplicationTests

  .   ____          _            __ _ _
 /\\ / ___'_ __ _ _(_)_ __  __ _ \ \ \ \
( ( )\___ | '_ | '_| | '_ \/ _` | \ \ \ \
 \\/  ___)| |_)| | | | | || (_| |  ) ) ) )
  '  |____| .__|_| |_|_| |_\__, | / / / /
 =========|_|==============|___/=/_/_/_/

&amp#27;[32m :: Spring Boot :: &amp#27;[39m              &amp#27;[2m (v4.0.3)&amp#27;[0;39m

&amp#27;[2m2026-04-02T00:12:48.920+05:30&amp#27;[0;39m &amp#27;[32m INFO&amp#27;[0;39m &amp#27;[35m15608&amp#27;[0;39m &amp#27;[2m--- [fitness-monolith] [           main] &amp#27;[0;39m&amp#27;[36mc.p.f.FitnessMonolithApplicationTests   &amp#27;[0;39m &amp#27;[2m:&amp#27;[0;39m Starting FitnessMonolithApplicationTests using Java 25.0.2 with PID 15608 (started by HP in C:\Users\HP\OneDrive\Desktop\spring boot project\fitness-monolith)
&amp#27;[2m2026-04-02T00:12:48.943+05:30&amp#27;[0;39m &amp#27;[32m INFO&amp#27;[0;39m &amp#27;[35m15608&amp#27;[0;39m &amp#27;[2m--- [fitness-monolith] [           main] &amp#27;[0;39m&amp#27;[36mc.p.f.FitnessMonolithApplicationTests   &amp#27;[0;39m &amp#27;[2m:&amp#27;[0;39m No active profile set, falling back to 1 default profile: "default"
&amp#27;[2m2026-04-02T00:12:55.049+05:30&amp#27;[0;39m &amp#27;[32m INFO&amp#27;[0;39m &amp#27;[35m15608&amp#27;[0;39m &amp#27;[2m--- [fitness-monolith] [           main] &amp#27;[0;39m&amp#27;[36m.s.d.r.c.RepositoryConfigurationDelegate&amp#27;[0;39m &amp#27;[2m:&amp#27;[0;39m Bootstrapping Spring Data JPA repositories in DEFAULT mode.
&amp#27;[2m2026-04-02T00:12:55.372+05:30&amp#27;[0;39m &amp#27;[32m INFO&amp#27;[0;39m &amp#27;[35m15608&amp#27;[0;39m &amp#27;[2m--- [fitness-monolith] [           main] &amp#27;[0;39m&amp#27;[36m.s.d.r.c.RepositoryConfigurationDelegate&amp#27;[0;39m &amp#27;[2m:&amp#27;[0;39m Finished Spring Data repository scanning in 279 ms. Found 3 JPA repository interfaces.
&amp#27;[2m2026-04-02T00:12:57.949+05:30&amp#27;[0;39m &amp#27;[32m INFO&amp#27;[0;39m &amp#27;[35m15608&amp#27;[0;39m &amp#27;[2m--- [fitness-monolith] [           main] &amp#27;[0;39m&amp#27;[36morg.hibernate.orm.jpa                   &amp#27;[0;39m &amp#27;[2m:&amp#27;[0;39m HHH008540: Processing PersistenceUnitInfo [name: default]
&amp#27;[2m2026-04-02T00:12:58.344+05:30&amp#27;[0;39m &amp#27;[32m INFO&amp#27;[0;39m &amp#27;[35m15608&amp#27;[0;39m &amp#27;[2m--- [fitness-monolith] [           main] &amp#27;[0;39m&amp#27;[36morg.hibernate.orm.core                  &amp#27;[0;39m &amp#27;[2m:&amp#27;[0;39m HHH000001: Hibernate ORM core version 7.2.4.Final
&amp#27;[2m2026-04-02T00:13:01.923+05:30&amp#27;[0;39m &amp#27;[32m INFO&amp#27;[0;39m &amp#27;[35m15608&amp#27;[0;39m &amp#27;[2m--- [fitness-monolith] [           main] &amp#27;[0;39m&amp#27;[36mo.s.o.j.p.SpringPersistenceUnitInfo     &amp#27;[0;39m &amp#27;[2m:&amp#27;[0;39m No LoadTimeWeaver setup: ignoring JPA class transformer
&amp#27;[2m2026-04-02T00:13:02.111+05:30&amp#27;[0;39m &amp#27;[32m INFO&amp#27;[0;39m &amp#27;[35m15608&amp#27;[0;39m &amp#27;[2m--- [fitness-monolith] [           main] &amp#27;[0;39m&amp#27;[36mcom.zaxxer.hikari.HikariDataSource      &amp#27;[0;39m &amp#27;[2m:&amp#27;[0;39m HikariPool-1 - Starting...
&amp#27;[2m2026-04-02T00:13:03.644+05:30&amp#27;[0;39m &amp#27;[32m INFO&amp#27;[0;39m &amp#27;[35m15608&amp#27;[0;39m &amp#27;[2m--- [fitness-monolith] [           main] &amp#27;[0;39m&amp#27;[36mcom.zaxxer.hikari.pool.HikariPool       &amp#27;[0;39m &amp#27;[2m:&amp#27;[0;39m HikariPool-1 - Added connection com.mysql.cj.jdbc.ConnectionImpl@4cd1716d
&amp#27;[2m2026-04-02T00:13:03.649+05:30&amp#27;[0;39m &amp#27;[32m INFO&amp#27;[0;39m &amp#27;[35m15608&amp#27;[0;39m &amp#27;[2m--- [fitness-monolith] [           main] &amp#27;[0;39m&amp#27;[36mcom.zaxxer.hikari.HikariDataSource      &amp#27;[0;39m &amp#27;[2m:&amp#27;[0;39m HikariPool-1 - Start completed.
&amp#27;[2m2026-04-02T00:13:03.932+05:30&amp#27;[0;39m &amp#27;[33m WARN&amp#27;[0;39m &amp#27;[35m15608&amp#27;[0;39m &amp#27;[2m--- [fitness-monolith] [           main] &amp#27;[0;39m&amp#27;[36morg.hibernate.orm.deprecation           &amp#27;[0;39m &amp#27;[2m:&amp#27;[0;39m HHH90000025: MySQLDialect does not need to be specified explicitly using 'hibernate.dialect' (remove the property setting and it will be selected by default)
&amp#27;[2m2026-04-02T00:13:04.045+05:30&amp#27;[0;39m &amp#27;[32m INFO&amp#27;[0;39m &amp#27;[35m15608&amp#27;[0;39m &amp#27;[2m--- [fitness-monolith] [           main] &amp#27;[0;39m&amp#27;[36morg.hibernate.orm.connections.pooling   &amp#27;[0;39m &amp#27;[2m:&amp#27;[0;39m HHH10001005: Database info:
	Database JDBC URL [jdbc:mysql://localhost:3306/fitness_db]
	Database driver: MySQL Connector/J
	Database dialect: MySQLDialect
	Database version: 8.0.34
	Default catalog/schema: fitness_db/undefined
	Autocommit mode: undefined/unknown
	Isolation level: REPEATABLE_READ [default REPEATABLE_READ]
	JDBC fetch size: none
	Pool: DataSourceConnectionProvider
	Minimum pool size: undefined/unknown
	Maximum pool size: undefined/unknown
&amp#27;[2m2026-04-02T00:13:09.944+05:30&amp#27;[0;39m &amp#27;[32m INFO&amp#27;[0;39m &amp#27;[35m15608&amp#27;[0;39m &amp#27;[2m--- [fitness-monolith] [           main] &amp#27;[0;39m&amp#27;[36morg.hibernate.orm.core                  &amp#27;[0;39m &amp#27;[2m:&amp#27;[0;39m HHH000489: No JTA platform available (set 'hibernate.transaction.jta.platform' to enable JTA platform integration)
&amp#27;[2m2026-04-02T00:13:10.268+05:30&amp#27;[0;39m &amp#27;[32m INFO&amp#27;[0;39m &amp#27;[35m15608&amp#27;[0;39m &amp#27;[2m--- [fitness-monolith] [           main] &amp#27;[0;39m&amp#27;[36mj.LocalContainerEntityManagerFactoryBean&amp#27;[0;39m &amp#27;[2m:&amp#27;[0;39m Initialized JPA EntityManagerFactory for persistence unit 'default'
&amp#27;[2m2026-04-02T00:13:11.056+05:30&amp#27;[0;39m &amp#27;[32m INFO&amp#27;[0;39m &amp#27;[35m15608&amp#27;[0;39m &amp#27;[2m--- [fitness-monolith] [           main] &amp#27;[0;39m&amp#27;[36mo.s.d.j.r.query.QueryEnhancerFactories  &amp#27;[0;39m &amp#27;[2m:&amp#27;[0;39m Hibernate is in classpath; If applicable, HQL parser will be used.
&amp#27;[2m2026-04-02T00:13:12.760+05:30&amp#27;[0;39m &amp#27;[33m WARN&amp#27;[0;39m &amp#27;[35m15608&amp#27;[0;39m &amp#27;[2m--- [fitness-monolith] [           main] &amp#27;[0;39m&amp#27;[36mJpaBaseConfiguration$JpaWebConfiguration&amp#27;[0;39m &amp#27;[2m:&amp#27;[0;39m spring.jpa.open-in-view is enabled by default. Therefore, database queries may be performed during view rendering. Explicitly configure spring.jpa.open-in-view to disable this warning
&amp#27;[2m2026-04-02T00:13:13.506+05:30&amp#27;[0;39m &amp#27;[32m INFO&amp#27;[0;39m &amp#27;[35m15608&amp#27;[0;39m &amp#27;[2m--- [fitness-monolith] [           main] &amp#27;[0;39m&amp#27;[36mr$InitializeUserDetailsManagerConfigurer&amp#27;[0;39m &amp#27;[2m:&amp#27;[0;39m Global AuthenticationManager configured with UserDetailsService bean with name customUserDetailsService
&amp#27;[2m2026-04-02T00:13:17.839+05:30&amp#27;[0;39m &amp#27;[32m INFO&amp#27;[0;39m &amp#27;[35m15608&amp#27;[0;39m &amp#27;[2m--- [fitness-monolith] [           main] &amp#27;[0;39m&amp#27;[36mc.p.f.FitnessMonolithApplicationTests   &amp#27;[0;39m &amp#27;[2m:&amp#27;[0;39m Started FitnessMonolithApplicationTests in 30.014 seconds (process running for 37.968)
&amp#27;[2m2026-04-02T00:13:17.859+05:30&amp#27;[0;39m &amp#27;[33m WARN&amp#27;[0;39m &amp#27;[35m15608&amp#27;[0;39m &amp#27;[2m--- [fitness-monolith] [           main] &amp#27;[0;39m&amp#27;[36mo.s.core.events.SpringDocAppInitializer &amp#27;[0;39m &amp#27;[2m:&amp#27;[0;39m SpringDoc /v3/api-docs endpoint is enabled by default. To disable it in production, set the property 'springdoc.api-docs.enabled=false'
&amp#27;[2m2026-04-02T00:13:17.859+05:30&amp#27;[0;39m &amp#27;[33m WARN&amp#27;[0;39m &amp#27;[35m15608&amp#27;[0;39m &amp#27;[2m--- [fitness-monolith] [           main] &amp#27;[0;39m&amp#27;[36mo.s.core.events.SpringDocAppInitializer &amp#27;[0;39m &amp#27;[2m:&amp#27;[0;39m SpringDoc /swagger-ui.html endpoint is enabled by default. To disable it in production, set the property 'springdoc.swagger-ui.enabled=false'
]]></system-out>
    <system-err><![CDATA[Mockito is currently self-attaching to enable the inline-mock-maker. This will no longer work in future releases of the JDK. Please add Mockito as an agent to your build as described in Mockito's documentation: https://javadoc.io/doc/org.mockito/mockito-core/latest/org.mockito/org/mockito/Mockito.html#0.3
WARNING: A Java agent has been loaded dynamically (C:\Users\HP\.m2\repository\net\bytebuddy\byte-buddy-agent\1.17.8\byte-buddy-agent-1.17.8.jar)
WARNING: If a serviceability tool is in use, please run with -XX:+EnableDynamicAgentLoading to hide this warning
WARNING: If a serviceability tool is not in use, please run with -Djdk.instrument.traceUsage for more information
WARNING: Dynamic loading of agents will be disallowed by default in a future release
]]></system-err>
  </testcase>
</testsuite>